# JRE version: Java(TM) SE Runtime Environment 18.9 (11.0.24+7) (build 11.0.24+7-LTS-271)
# Java VM: Java HotSpot(TM) 64-Bit Server VM 18.9 (11.0.24+7-LTS-271, mixed mode, tiered, compressed oops, g1 gc, windows-amd64)
Heap:
 garbage-first heap   total 57344K, used 27626K [0x00000000c9400000, 0x0000000100000000)
  region size 1024K, 21 young (21504K), 3 survivors (3072K)
 Metaspace       used 28816K, capacity 29601K, committed 29696K, reserved 1075200K
  class space    used 3296K, capacity 3568K, committed 3584K, reserved 1048576K
GC Heap History (10 events):
Event: 1.754 GC heap before
{Heap before GC invocations=1 (full 0):
 garbage-first heap   total 57344K, used 15054K [0x00000000c9400000, 0x0000000100000000)
  region size 1024K, 11 young (11264K), 2 survivors (2048K)
 Metaspace       used 13236K, capacity 13490K, committed 13696K, reserved 1060864K
  class space    used 1314K, capacity 1402K, committed 1408K, reserved 1048576K
}
Event: 1.759 GC heap after
{Heap after GC invocations=2 (full 0):
 garbage-first heap   total 57344K, used 6423K [0x00000000c9400000, 0x0000000100000000)
  region size 1024K, 1 young (1024K), 1 survivors (1024K)
 Metaspace       used 13236K, capacity 13490K, committed 13696K, reserved 1060864K
  class space    used 1314K, capacity 1402K, committed 1408K, reserved 1048576K
}
Event: 2.367 GC heap before
{Heap before GC invocations=2 (full 0):
 garbage-first heap   total 57344K, used 27927K [0x00000000c9400000, 0x0000000100000000)
  region size 1024K, 22 young (22528K), 1 survivors (1024K)
 Metaspace       used 18639K, capacity 19022K, committed 19200K, reserved 1067008K
  class space    used 2005K, capacity 2178K, committed 2304K, reserved 1048576K
}
Event: 2.373 GC heap after
{Heap after GC invocations=3 (full 0):
 garbage-first heap   total 57344K, used 7594K [0x00000000c9400000, 0x0000000100000000)
  region size 1024K, 2 young (2048K), 2 survivors (2048K)
 Metaspace       used 18639K, capacity 19022K, committed 19200K, reserved 1067008K
  class space    used 2005K, capacity 2178K, committed 2304K, reserved 1048576K
}
Event: 2.528 GC heap before
{Heap before GC invocations=3 (full 0):
 garbage-first heap   total 57344K, used 15786K [0x00000000c9400000, 0x0000000100000000)
  region size 1024K, 12 young (12288K), 2 survivors (2048K)
 Metaspace       used 20810K, capacity 21227K, committed 21296K, reserved 1069056K
  class space    used 2263K, capacity 2423K, committed 2432K, reserved 1048576K
}
Event: 2.533 GC heap after
{Heap after GC invocations=4 (full 0):
 garbage-first heap   total 57344K, used 7926K [0x00000000c9400000, 0x0000000100000000)
  region size 1024K, 2 young (2048K), 2 survivors (2048K)
 Metaspace       used 20810K, capacity 21227K, committed 21296K, reserved 1069056K
  class space    used 2263K, capacity 2423K, committed 2432K, reserved 1048576K
}
Event: 3.090 GC heap before
{Heap before GC invocations=5 (full 0):
 garbage-first heap   total 57344K, used 29430K [0x00000000c9400000, 0x0000000100000000)
  region size 1024K, 23 young (23552K), 2 survivors (2048K)
 Metaspace       used 24088K, capacity 24613K, committed 24704K, reserved 1071104K
  class space    used 2687K, capacity 2892K, committed 2944K, reserved 1048576K
}
Event: 3.095 GC heap after
{Heap after GC invocations=6 (full 0):
 garbage-first heap   total 57344K, used 9275K [0x00000000c9400000, 0x0000000100000000)
  region size 1024K, 3 young (3072K), 3 survivors (3072K)
 Metaspace       used 24088K, capacity 24613K, committed 24704K, reserved 1071104K
  class space    used 2687K, capacity 2892K, committed 2944K, reserved 1048576K
}
Event: 4.025 GC heap before
{Heap before GC invocations=6 (full 0):
 garbage-first heap   total 57344K, used 31803K [0x00000000c9400000, 0x0000000100000000)
  region size 1024K, 25 young (25600K), 3 survivors (3072K)
 Metaspace       used 26322K, capacity 26992K, committed 27136K, reserved 1073152K
  class space    used 2957K, capacity 3232K, committed 3328K, reserved 1048576K
}
Event: 4.034 GC heap after
{Heap after GC invocations=7 (full 0):
 garbage-first heap   total 57344K, used 10218K [0x00000000c9400000, 0x0000000100000000)
  region size 1024K, 3 young (3072K), 3 survivors (3072K)
 Metaspace       used 26322K, capacity 26992K, committed 27136K, reserved 1073152K
  class space    used 2957K, capacity 3232K, committed 3328K, reserved 1048576K
}

